# JRE version: Java(TM) SE Runtime Environment (9.0+181) (build 9+181)
# Java VM: Java HotSpot(TM) 64-Bit Server VM (9+181, mixed mode, tiered, compressed oops, g1 gc, windows-amd64)
Heap:
 garbage-first heap   total 58368K, used 25437K [0x00000000e1c00000, 0x00000000e1d001c8, 0x0000000100000000)
  region size 1024K, 6 young (6144K), 3 survivors (3072K)
 Metaspace       used 38418K, capacity 43282K, committed 43520K, reserved 1089536K
  class space    used 3143K, capacity 4024K, committed 4096K, reserved 1048576K
GC Heap History (10 events):
Event: 74.266 GC heap before
{Heap before GC invocations=59 (full 0):
 garbage-first heap   total 48128K, used 37932K [0x00000000e1c00000, 0x00000000e1d00178, 0x0000000100000000)
  region size 1024K, 19 young (19456K), 1 survivors (1024K)
 Metaspace       used 34447K, capacity 38684K, committed 39040K, reserved 1085440K
  class space    used 2797K, capacity 3595K, committed 3712K, reserved 1048576K
}
Event: 74.274 GC heap after
{Heap after GC invocations=60 (full 0):
 garbage-first heap   total 48128K, used 20389K [0x00000000e1c00000, 0x00000000e1d00178, 0x0000000100000000)
  region size 1024K, 2 young (2048K), 2 survivors (2048K)
 Metaspace       used 34447K, capacity 38684K, committed 39040K, reserved 1085440K
  class space    used 2797K, capacity 3595K, committed 3712K, reserved 1048576K
}
Event: 74.502 GC heap before
{Heap before GC invocations=60 (full 0):
 garbage-first heap   total 48128K, used 37797K [0x00000000e1c00000, 0x00000000e1d00178, 0x0000000100000000)
  region size 1024K, 19 young (19456K), 2 survivors (2048K)
 Metaspace       used 34877K, capacity 39220K, committed 39552K, reserved 1085440K
  class space    used 2803K, capacity 3603K, committed 3712K, reserved 1048576K
}
Event: 74.509 GC heap after
{Heap after GC invocations=61 (full 0):
 garbage-first heap   total 48128K, used 20289K [0x00000000e1c00000, 0x00000000e1d00178, 0x0000000100000000)
  region size 1024K, 2 young (2048K), 2 survivors (2048K)
 Metaspace       used 34877K, capacity 39220K, committed 39552K, reserved 1085440K
  class space    used 2803K, capacity 3603K, committed 3712K, reserved 1048576K
}
Event: 74.735 GC heap before
{Heap before GC invocations=61 (full 0):
 garbage-first heap   total 48128K, used 37697K [0x00000000e1c00000, 0x00000000e1d00178, 0x0000000100000000)
  region size 1024K, 19 young (19456K), 2 survivors (2048K)
 Metaspace       used 35240K, capacity 39692K, committed 39808K, reserved 1085440K
  class space    used 2810K, capacity 3611K, committed 3712K, reserved 1048576K
}
Event: 74.742 GC heap after
{Heap after GC invocations=62 (full 0):
 garbage-first heap   total 48128K, used 20496K [0x00000000e1c00000, 0x00000000e1d00178, 0x0000000100000000)
  region size 1024K, 2 young (2048K), 2 survivors (2048K)
 Metaspace       used 35240K, capacity 39692K, committed 39808K, reserved 1085440K
  class space    used 2810K, capacity 3611K, committed 3712K, reserved 1048576K
}
Event: 75.314 GC heap before
{Heap before GC invocations=62 (full 0):
 garbage-first heap   total 48128K, used 37904K [0x00000000e1c00000, 0x00000000e1d00178, 0x0000000100000000)
  region size 1024K, 19 young (19456K), 2 survivors (2048K)
 Metaspace       used 35672K, capacity 40228K, committed 40576K, reserved 1085440K
  class space    used 2816K, capacity 3619K, committed 3712K, reserved 1048576K
}
Event: 75.326 GC heap after
{Heap after GC invocations=63 (full 0):
 garbage-first heap   total 58368K, used 20377K [0x00000000e1c00000, 0x00000000e1d001c8, 0x0000000100000000)
  region size 1024K, 2 young (2048K), 2 survivors (2048K)
 Metaspace       used 35672K, capacity 40228K, committed 40576K, reserved 1085440K
  class space    used 2816K, capacity 3619K, committed 3712K, reserved 1048576K
}
Event: 83.001 GC heap before
{Heap before GC invocations=63 (full 0):
 garbage-first heap   total 58368K, used 42905K [0x00000000e1c00000, 0x00000000e1d001c8, 0x0000000100000000)
  region size 1024K, 24 young (24576K), 2 survivors (2048K)
 Metaspace       used 38418K, capacity 43282K, committed 43520K, reserved 1089536K
  class space    used 3143K, capacity 4024K, committed 4096K, reserved 1048576K
}
Event: 83.020 GC heap after
{Heap after GC invocations=64 (full 0):
 garbage-first heap   total 58368K, used 23389K [0x00000000e1c00000, 0x00000000e1d001c8, 0x0000000100000000)
  region size 1024K, 3 young (3072K), 3 survivors (3072K)
 Metaspace       used 38418K, capacity 43282K, committed 43520K, reserved 1089536K
  class space    used 3143K, capacity 4024K, committed 4096K, reserved 1048576K
}

